src_parallel/haar.cpp:934:9: warning: HLS pragma dump _XLX_SEP_ PragmaIsValid=1_XLX_SEP_ PragmaType=inline_XLX_SEP_ PragmaContext=_XLX_SEP_ PragmaFunction=get_all_data_XLX_SEP_ PragmaOptions=_XLX_SEP_ [-Wdump-hls-pragmas]
#pragma HLS inline
        ^
src_parallel/haar.cpp:935:23: warning: 'Ap_stable' in '#pragma HLS INTERFACE' is deprecated, use 'Stable Pragma' instead [-Wignored-hls-pragmas]
#pragma HLS interface ap_stable port=aa
                      ^
src_parallel/haar.cpp:935:9: warning: HLS pragma dump _XLX_SEP_ PragmaIsValid=1_XLX_SEP_ PragmaType=interface_XLX_SEP_ PragmaContext=_XLX_SEP_ PragmaFunction=get_all_data_XLX_SEP_ PragmaOptions=ap_stable port=aa_XLX_SEP_ [-Wdump-hls-pragmas]
#pragma HLS interface ap_stable port=aa
        ^
src_parallel/haar.cpp:939:9: warning: HLS pragma dump _XLX_SEP_ PragmaIsValid=1_XLX_SEP_ PragmaType=array_partition_XLX_SEP_ PragmaContext=_XLX_SEP_ PragmaFunction=get_all_data_XLX_SEP_ PragmaOptions=variable=bank complete dim=0_XLX_SEP_ [-Wdump-hls-pragmas]
#pragma HLS array_partition variable=bank complete dim=0
        ^
src_parallel/haar.cpp:941:9: warning: HLS pragma dump _XLX_SEP_ PragmaIsValid=1_XLX_SEP_ PragmaType=array_partition_XLX_SEP_ PragmaContext=_XLX_SEP_ PragmaFunction=get_all_data_XLX_SEP_ PragmaOptions=variable=offset complete dim=0_XLX_SEP_ [-Wdump-hls-pragmas]
#pragma HLS array_partition variable=offset complete dim=0
        ^
src_parallel/haar.cpp:943:9: warning: HLS pragma dump _XLX_SEP_ PragmaIsValid=1_XLX_SEP_ PragmaType=array_partition_XLX_SEP_ PragmaContext=_XLX_SEP_ PragmaFunction=get_all_data_XLX_SEP_ PragmaOptions=variable=offset_for_banks complete dim=0_XLX_SEP_ [-Wdump-hls-pragmas]
#pragma HLS array_partition variable=offset_for_banks complete dim=0
        ^
src_parallel/haar.cpp:945:9: warning: HLS pragma dump _XLX_SEP_ PragmaIsValid=1_XLX_SEP_ PragmaType=array_partition_XLX_SEP_ PragmaContext=_XLX_SEP_ PragmaFunction=get_all_data_XLX_SEP_ PragmaOptions=variable=data_from_banks complete dim=0_XLX_SEP_ [-Wdump-hls-pragmas]
#pragma HLS array_partition variable=data_from_banks complete dim=0
        ^
src_parallel/haar.cpp:950:9: warning: HLS pragma dump _XLX_SEP_ PragmaIsValid=1_XLX_SEP_ PragmaType=unroll_XLX_SEP_ PragmaContext=_XLX_SEP_ PragmaFunction=get_all_data_XLX_SEP_ PragmaOptions=_XLX_SEP_ [-Wdump-hls-pragmas]
#pragma HLS unroll
        ^
src_parallel/haar.cpp:958:9: warning: HLS pragma dump _XLX_SEP_ PragmaIsValid=1_XLX_SEP_ PragmaType=unroll_XLX_SEP_ PragmaContext=_XLX_SEP_ PragmaFunction=get_all_data_XLX_SEP_ PragmaOptions=_XLX_SEP_ [-Wdump-hls-pragmas]
#pragma HLS unroll
        ^
src_parallel/haar.cpp:1008:9: warning: HLS pragma dump _XLX_SEP_ PragmaIsValid=1_XLX_SEP_ PragmaType=unroll_XLX_SEP_ PragmaContext=_XLX_SEP_ PragmaFunction=get_all_data_XLX_SEP_ PragmaOptions=_XLX_SEP_ [-Wdump-hls-pragmas]
#pragma HLS unroll
        ^
src_parallel/haar.cpp:1017:9: warning: HLS pragma dump _XLX_SEP_ PragmaIsValid=1_XLX_SEP_ PragmaType=inline_XLX_SEP_ PragmaContext=_XLX_SEP_ PragmaFunction=use_data_XLX_SEP_ PragmaOptions=off_XLX_SEP_ [-Wdump-hls-pragmas]
#pragma HLS inline off
        ^
src_parallel/haar.cpp:1033:9: warning: HLS pragma dump _XLX_SEP_ PragmaIsValid=1_XLX_SEP_ PragmaType=array_partition_XLX_SEP_ PragmaContext=_XLX_SEP_ PragmaFunction=classifier0_XLX_SEP_ PragmaOptions=variable=coord complete dim=0_XLX_SEP_ [-Wdump-hls-pragmas]
#pragma HLS array_partition variable=coord complete dim=0
        ^
src_parallel/haar.cpp:1065:9: warning: HLS pragma dump _XLX_SEP_ PragmaIsValid=1_XLX_SEP_ PragmaType=array_partition_XLX_SEP_ PragmaContext=_XLX_SEP_ PragmaFunction=classifier1_XLX_SEP_ PragmaOptions=variable=coord complete dim=0_XLX_SEP_ [-Wdump-hls-pragmas]
#pragma HLS array_partition variable=coord complete dim=0
        ^
src_parallel/haar.cpp:1097:9: warning: HLS pragma dump _XLX_SEP_ PragmaIsValid=1_XLX_SEP_ PragmaType=array_partition_XLX_SEP_ PragmaContext=_XLX_SEP_ PragmaFunction=classifier2_XLX_SEP_ PragmaOptions=variable=coord complete dim=0_XLX_SEP_ [-Wdump-hls-pragmas]
#pragma HLS array_partition variable=coord complete dim=0
        ^
src_parallel/haar.cpp:1129:9: warning: HLS pragma dump _XLX_SEP_ PragmaIsValid=1_XLX_SEP_ PragmaType=array_partition_XLX_SEP_ PragmaContext=_XLX_SEP_ PragmaFunction=classifier3_XLX_SEP_ PragmaOptions=variable=coord complete dim=0_XLX_SEP_ [-Wdump-hls-pragmas]
#pragma HLS array_partition variable=coord complete dim=0
        ^
src_parallel/haar.cpp:1161:9: warning: HLS pragma dump _XLX_SEP_ PragmaIsValid=1_XLX_SEP_ PragmaType=array_partition_XLX_SEP_ PragmaContext=_XLX_SEP_ PragmaFunction=classifier4_XLX_SEP_ PragmaOptions=variable=coord complete dim=0_XLX_SEP_ [-Wdump-hls-pragmas]
#pragma HLS array_partition variable=coord complete dim=0
        ^
src_parallel/haar.cpp:1193:9: warning: HLS pragma dump _XLX_SEP_ PragmaIsValid=1_XLX_SEP_ PragmaType=array_partition_XLX_SEP_ PragmaContext=_XLX_SEP_ PragmaFunction=classifier5_XLX_SEP_ PragmaOptions=variable=coord complete dim=0_XLX_SEP_ [-Wdump-hls-pragmas]
#pragma HLS array_partition variable=coord complete dim=0
        ^
src_parallel/haar.cpp:1225:9: warning: HLS pragma dump _XLX_SEP_ PragmaIsValid=1_XLX_SEP_ PragmaType=array_partition_XLX_SEP_ PragmaContext=_XLX_SEP_ PragmaFunction=classifier6_XLX_SEP_ PragmaOptions=variable=coord complete dim=0_XLX_SEP_ [-Wdump-hls-pragmas]
#pragma HLS array_partition variable=coord complete dim=0
        ^
src_parallel/haar.cpp:1257:9: warning: HLS pragma dump _XLX_SEP_ PragmaIsValid=1_XLX_SEP_ PragmaType=array_partition_XLX_SEP_ PragmaContext=_XLX_SEP_ PragmaFunction=classifier7_XLX_SEP_ PragmaOptions=variable=coord complete dim=0_XLX_SEP_ [-Wdump-hls-pragmas]
#pragma HLS array_partition variable=coord complete dim=0
        ^
src_parallel/haar.cpp:1289:9: warning: HLS pragma dump _XLX_SEP_ PragmaIsValid=1_XLX_SEP_ PragmaType=array_partition_XLX_SEP_ PragmaContext=_XLX_SEP_ PragmaFunction=classifier8_XLX_SEP_ PragmaOptions=variable=coord complete dim=0_XLX_SEP_ [-Wdump-hls-pragmas]
#pragma HLS array_partition variable=coord complete dim=0
        ^
src_parallel/haar.cpp:1322:9: warning: HLS pragma dump _XLX_SEP_ PragmaIsValid=1_XLX_SEP_ PragmaType=array_partition_XLX_SEP_ PragmaContext=_XLX_SEP_ PragmaFunction=classifier9_XLX_SEP_ PragmaOptions=variable=coord complete dim=0_XLX_SEP_ [-Wdump-hls-pragmas]
#pragma HLS array_partition variable=coord complete dim=0
        ^
src_parallel/haar.cpp:1354:9: warning: HLS pragma dump _XLX_SEP_ PragmaIsValid=1_XLX_SEP_ PragmaType=array_partition_XLX_SEP_ PragmaContext=_XLX_SEP_ PragmaFunction=classifier10_XLX_SEP_ PragmaOptions=variable=coord complete dim=0_XLX_SEP_ [-Wdump-hls-pragmas]
#pragma HLS array_partition variable=coord complete dim=0
        ^
src_parallel/haar.cpp:1386:9: warning: HLS pragma dump _XLX_SEP_ PragmaIsValid=1_XLX_SEP_ PragmaType=array_partition_XLX_SEP_ PragmaContext=_XLX_SEP_ PragmaFunction=classifier11_XLX_SEP_ PragmaOptions=variable=coord complete dim=0_XLX_SEP_ [-Wdump-hls-pragmas]
#pragma HLS array_partition variable=coord complete dim=0
        ^
src_parallel/haar.cpp:1418:9: warning: HLS pragma dump _XLX_SEP_ PragmaIsValid=1_XLX_SEP_ PragmaType=array_partition_XLX_SEP_ PragmaContext=_XLX_SEP_ PragmaFunction=classifier12_XLX_SEP_ PragmaOptions=variable=coord complete dim=0_XLX_SEP_ [-Wdump-hls-pragmas]
#pragma HLS array_partition variable=coord complete dim=0
        ^
src_parallel/haar.cpp:1450:9: warning: HLS pragma dump _XLX_SEP_ PragmaIsValid=1_XLX_SEP_ PragmaType=array_partition_XLX_SEP_ PragmaContext=_XLX_SEP_ PragmaFunction=classifier13_XLX_SEP_ PragmaOptions=variable=coord complete dim=0_XLX_SEP_ [-Wdump-hls-pragmas]
#pragma HLS array_partition variable=coord complete dim=0
        ^
src_parallel/haar.cpp:1482:9: warning: HLS pragma dump _XLX_SEP_ PragmaIsValid=1_XLX_SEP_ PragmaType=array_partition_XLX_SEP_ PragmaContext=_XLX_SEP_ PragmaFunction=classifier14_XLX_SEP_ PragmaOptions=variable=coord complete dim=0_XLX_SEP_ [-Wdump-hls-pragmas]
#pragma HLS array_partition variable=coord complete dim=0
        ^
src_parallel/haar.cpp:1514:9: warning: HLS pragma dump _XLX_SEP_ PragmaIsValid=1_XLX_SEP_ PragmaType=array_partition_XLX_SEP_ PragmaContext=_XLX_SEP_ PragmaFunction=classifier15_XLX_SEP_ PragmaOptions=variable=coord complete dim=0_XLX_SEP_ [-Wdump-hls-pragmas]
#pragma HLS array_partition variable=coord complete dim=0
        ^
src_parallel/haar.cpp:1546:9: warning: HLS pragma dump _XLX_SEP_ PragmaIsValid=1_XLX_SEP_ PragmaType=array_partition_XLX_SEP_ PragmaContext=_XLX_SEP_ PragmaFunction=classifier16_XLX_SEP_ PragmaOptions=variable=coord complete dim=0_XLX_SEP_ [-Wdump-hls-pragmas]
#pragma HLS array_partition variable=coord complete dim=0
        ^
src_parallel/haar.cpp:1578:9: warning: HLS pragma dump _XLX_SEP_ PragmaIsValid=1_XLX_SEP_ PragmaType=array_partition_XLX_SEP_ PragmaContext=_XLX_SEP_ PragmaFunction=classifier17_XLX_SEP_ PragmaOptions=variable=coord complete dim=0_XLX_SEP_ [-Wdump-hls-pragmas]
#pragma HLS array_partition variable=coord complete dim=0
        ^
src_parallel/haar.cpp:1610:9: warning: HLS pragma dump _XLX_SEP_ PragmaIsValid=1_XLX_SEP_ PragmaType=array_partition_XLX_SEP_ PragmaContext=_XLX_SEP_ PragmaFunction=classifier18_XLX_SEP_ PragmaOptions=variable=coord complete dim=0_XLX_SEP_ [-Wdump-hls-pragmas]
#pragma HLS array_partition variable=coord complete dim=0
        ^
src_parallel/haar.cpp:1642:9: warning: HLS pragma dump _XLX_SEP_ PragmaIsValid=1_XLX_SEP_ PragmaType=array_partition_XLX_SEP_ PragmaContext=_XLX_SEP_ PragmaFunction=classifier19_XLX_SEP_ PragmaOptions=variable=coord complete dim=0_XLX_SEP_ [-Wdump-hls-pragmas]
#pragma HLS array_partition variable=coord complete dim=0
        ^
src_parallel/haar.cpp:1674:9: warning: HLS pragma dump _XLX_SEP_ PragmaIsValid=1_XLX_SEP_ PragmaType=array_partition_XLX_SEP_ PragmaContext=_XLX_SEP_ PragmaFunction=classifier20_XLX_SEP_ PragmaOptions=variable=coord complete dim=0_XLX_SEP_ [-Wdump-hls-pragmas]
#pragma HLS array_partition variable=coord complete dim=0
        ^
src_parallel/haar.cpp:1706:9: warning: HLS pragma dump _XLX_SEP_ PragmaIsValid=1_XLX_SEP_ PragmaType=array_partition_XLX_SEP_ PragmaContext=_XLX_SEP_ PragmaFunction=classifier21_XLX_SEP_ PragmaOptions=variable=coord complete dim=0_XLX_SEP_ [-Wdump-hls-pragmas]
#pragma HLS array_partition variable=coord complete dim=0
        ^
src_parallel/haar.cpp:1738:9: warning: HLS pragma dump _XLX_SEP_ PragmaIsValid=1_XLX_SEP_ PragmaType=array_partition_XLX_SEP_ PragmaContext=_XLX_SEP_ PragmaFunction=classifier22_XLX_SEP_ PragmaOptions=variable=coord complete dim=0_XLX_SEP_ [-Wdump-hls-pragmas]
#pragma HLS array_partition variable=coord complete dim=0
        ^
src_parallel/haar.cpp:1770:9: warning: HLS pragma dump _XLX_SEP_ PragmaIsValid=1_XLX_SEP_ PragmaType=array_partition_XLX_SEP_ PragmaContext=_XLX_SEP_ PragmaFunction=classifier23_XLX_SEP_ PragmaOptions=variable=coord complete dim=0_XLX_SEP_ [-Wdump-hls-pragmas]
#pragma HLS array_partition variable=coord complete dim=0
        ^
src_parallel/haar.cpp:1802:9: warning: HLS pragma dump _XLX_SEP_ PragmaIsValid=1_XLX_SEP_ PragmaType=array_partition_XLX_SEP_ PragmaContext=_XLX_SEP_ PragmaFunction=classifier24_XLX_SEP_ PragmaOptions=variable=coord complete dim=0_XLX_SEP_ [-Wdump-hls-pragmas]
#pragma HLS array_partition variable=coord complete dim=0
        ^
src_parallel/haar.cpp:1834:9: warning: HLS pragma dump _XLX_SEP_ PragmaIsValid=1_XLX_SEP_ PragmaType=array_partition_XLX_SEP_ PragmaContext=_XLX_SEP_ PragmaFunction=classifier25_XLX_SEP_ PragmaOptions=variable=coord complete dim=0_XLX_SEP_ [-Wdump-hls-pragmas]
#pragma HLS array_partition variable=coord complete dim=0
        ^
src_parallel/haar.cpp:1866:9: warning: HLS pragma dump _XLX_SEP_ PragmaIsValid=1_XLX_SEP_ PragmaType=array_partition_XLX_SEP_ PragmaContext=_XLX_SEP_ PragmaFunction=classifier26_XLX_SEP_ PragmaOptions=variable=coord complete dim=0_XLX_SEP_ [-Wdump-hls-pragmas]
#pragma HLS array_partition variable=coord complete dim=0
        ^
src_parallel/haar.cpp:1898:9: warning: HLS pragma dump _XLX_SEP_ PragmaIsValid=1_XLX_SEP_ PragmaType=array_partition_XLX_SEP_ PragmaContext=_XLX_SEP_ PragmaFunction=classifier27_XLX_SEP_ PragmaOptions=variable=coord complete dim=0_XLX_SEP_ [-Wdump-hls-pragmas]
#pragma HLS array_partition variable=coord complete dim=0
        ^
src_parallel/haar.cpp:1930:9: warning: HLS pragma dump _XLX_SEP_ PragmaIsValid=1_XLX_SEP_ PragmaType=array_partition_XLX_SEP_ PragmaContext=_XLX_SEP_ PragmaFunction=classifier28_XLX_SEP_ PragmaOptions=variable=coord complete dim=0_XLX_SEP_ [-Wdump-hls-pragmas]
#pragma HLS array_partition variable=coord complete dim=0
        ^
src_parallel/haar.cpp:1962:9: warning: HLS pragma dump _XLX_SEP_ PragmaIsValid=1_XLX_SEP_ PragmaType=array_partition_XLX_SEP_ PragmaContext=_XLX_SEP_ PragmaFunction=classifier29_XLX_SEP_ PragmaOptions=variable=coord complete dim=0_XLX_SEP_ [-Wdump-hls-pragmas]
#pragma HLS array_partition variable=coord complete dim=0
        ^
src_parallel/haar.cpp:1994:9: warning: HLS pragma dump _XLX_SEP_ PragmaIsValid=1_XLX_SEP_ PragmaType=array_partition_XLX_SEP_ PragmaContext=_XLX_SEP_ PragmaFunction=classifier30_XLX_SEP_ PragmaOptions=variable=coord complete dim=0_XLX_SEP_ [-Wdump-hls-pragmas]
#pragma HLS array_partition variable=coord complete dim=0
        ^
src_parallel/haar.cpp:2026:9: warning: HLS pragma dump _XLX_SEP_ PragmaIsValid=1_XLX_SEP_ PragmaType=array_partition_XLX_SEP_ PragmaContext=_XLX_SEP_ PragmaFunction=classifier31_XLX_SEP_ PragmaOptions=variable=coord complete dim=0_XLX_SEP_ [-Wdump-hls-pragmas]
#pragma HLS array_partition variable=coord complete dim=0
        ^
src_parallel/haar.cpp:2058:9: warning: HLS pragma dump _XLX_SEP_ PragmaIsValid=1_XLX_SEP_ PragmaType=array_partition_XLX_SEP_ PragmaContext=_XLX_SEP_ PragmaFunction=classifier32_XLX_SEP_ PragmaOptions=variable=coord complete dim=0_XLX_SEP_ [-Wdump-hls-pragmas]
#pragma HLS array_partition variable=coord complete dim=0
        ^
src_parallel/haar.cpp:2090:9: warning: HLS pragma dump _XLX_SEP_ PragmaIsValid=1_XLX_SEP_ PragmaType=array_partition_XLX_SEP_ PragmaContext=_XLX_SEP_ PragmaFunction=classifier33_XLX_SEP_ PragmaOptions=variable=coord complete dim=0_XLX_SEP_ [-Wdump-hls-pragmas]
#pragma HLS array_partition variable=coord complete dim=0
        ^
src_parallel/haar.cpp:2122:9: warning: HLS pragma dump _XLX_SEP_ PragmaIsValid=1_XLX_SEP_ PragmaType=array_partition_XLX_SEP_ PragmaContext=_XLX_SEP_ PragmaFunction=classifier34_XLX_SEP_ PragmaOptions=variable=coord complete dim=0_XLX_SEP_ [-Wdump-hls-pragmas]
#pragma HLS array_partition variable=coord complete dim=0
        ^
src_parallel/haar.cpp:2154:9: warning: HLS pragma dump _XLX_SEP_ PragmaIsValid=1_XLX_SEP_ PragmaType=array_partition_XLX_SEP_ PragmaContext=_XLX_SEP_ PragmaFunction=classifier35_XLX_SEP_ PragmaOptions=variable=coord complete dim=0_XLX_SEP_ [-Wdump-hls-pragmas]
#pragma HLS array_partition variable=coord complete dim=0
        ^
src_parallel/haar.cpp:2186:9: warning: HLS pragma dump _XLX_SEP_ PragmaIsValid=1_XLX_SEP_ PragmaType=array_partition_XLX_SEP_ PragmaContext=_XLX_SEP_ PragmaFunction=classifier36_XLX_SEP_ PragmaOptions=variable=coord complete dim=0_XLX_SEP_ [-Wdump-hls-pragmas]
#pragma HLS array_partition variable=coord complete dim=0
        ^
src_parallel/haar.cpp:2218:9: warning: HLS pragma dump _XLX_SEP_ PragmaIsValid=1_XLX_SEP_ PragmaType=array_partition_XLX_SEP_ PragmaContext=_XLX_SEP_ PragmaFunction=classifier37_XLX_SEP_ PragmaOptions=variable=coord complete dim=0_XLX_SEP_ [-Wdump-hls-pragmas]
#pragma HLS array_partition variable=coord complete dim=0
        ^
src_parallel/haar.cpp:2250:9: warning: HLS pragma dump _XLX_SEP_ PragmaIsValid=1_XLX_SEP_ PragmaType=array_partition_XLX_SEP_ PragmaContext=_XLX_SEP_ PragmaFunction=classifier38_XLX_SEP_ PragmaOptions=variable=coord complete dim=0_XLX_SEP_ [-Wdump-hls-pragmas]
#pragma HLS array_partition variable=coord complete dim=0
        ^
src_parallel/haar.cpp:2282:9: warning: HLS pragma dump _XLX_SEP_ PragmaIsValid=1_XLX_SEP_ PragmaType=array_partition_XLX_SEP_ PragmaContext=_XLX_SEP_ PragmaFunction=classifier39_XLX_SEP_ PragmaOptions=variable=coord complete dim=0_XLX_SEP_ [-Wdump-hls-pragmas]
#pragma HLS array_partition variable=coord complete dim=0
        ^
src_parallel/haar.cpp:2314:9: warning: HLS pragma dump _XLX_SEP_ PragmaIsValid=1_XLX_SEP_ PragmaType=array_partition_XLX_SEP_ PragmaContext=_XLX_SEP_ PragmaFunction=classifier40_XLX_SEP_ PragmaOptions=variable=coord complete dim=0_XLX_SEP_ [-Wdump-hls-pragmas]
#pragma HLS array_partition variable=coord complete dim=0
        ^
src_parallel/haar.cpp:2346:9: warning: HLS pragma dump _XLX_SEP_ PragmaIsValid=1_XLX_SEP_ PragmaType=array_partition_XLX_SEP_ PragmaContext=_XLX_SEP_ PragmaFunction=classifier41_XLX_SEP_ PragmaOptions=variable=coord complete dim=0_XLX_SEP_ [-Wdump-hls-pragmas]
#pragma HLS array_partition variable=coord complete dim=0
        ^
src_parallel/haar.cpp:2378:9: warning: HLS pragma dump _XLX_SEP_ PragmaIsValid=1_XLX_SEP_ PragmaType=array_partition_XLX_SEP_ PragmaContext=_XLX_SEP_ PragmaFunction=classifier42_XLX_SEP_ PragmaOptions=variable=coord complete dim=0_XLX_SEP_ [-Wdump-hls-pragmas]
#pragma HLS array_partition variable=coord complete dim=0
        ^
src_parallel/haar.cpp:2410:9: warning: HLS pragma dump _XLX_SEP_ PragmaIsValid=1_XLX_SEP_ PragmaType=array_partition_XLX_SEP_ PragmaContext=_XLX_SEP_ PragmaFunction=classifier43_XLX_SEP_ PragmaOptions=variable=coord complete dim=0_XLX_SEP_ [-Wdump-hls-pragmas]
#pragma HLS array_partition variable=coord complete dim=0
        ^
src_parallel/haar.cpp:2442:9: warning: HLS pragma dump _XLX_SEP_ PragmaIsValid=1_XLX_SEP_ PragmaType=array_partition_XLX_SEP_ PragmaContext=_XLX_SEP_ PragmaFunction=classifier44_XLX_SEP_ PragmaOptions=variable=coord complete dim=0_XLX_SEP_ [-Wdump-hls-pragmas]
#pragma HLS array_partition variable=coord complete dim=0
        ^
src_parallel/haar.cpp:2474:9: warning: HLS pragma dump _XLX_SEP_ PragmaIsValid=1_XLX_SEP_ PragmaType=array_partition_XLX_SEP_ PragmaContext=_XLX_SEP_ PragmaFunction=classifier45_XLX_SEP_ PragmaOptions=variable=coord complete dim=0_XLX_SEP_ [-Wdump-hls-pragmas]
#pragma HLS array_partition variable=coord complete dim=0
        ^
src_parallel/haar.cpp:2506:9: warning: HLS pragma dump _XLX_SEP_ PragmaIsValid=1_XLX_SEP_ PragmaType=array_partition_XLX_SEP_ PragmaContext=_XLX_SEP_ PragmaFunction=classifier46_XLX_SEP_ PragmaOptions=variable=coord complete dim=0_XLX_SEP_ [-Wdump-hls-pragmas]
#pragma HLS array_partition variable=coord complete dim=0
        ^
src_parallel/haar.cpp:2538:9: warning: HLS pragma dump _XLX_SEP_ PragmaIsValid=1_XLX_SEP_ PragmaType=array_partition_XLX_SEP_ PragmaContext=_XLX_SEP_ PragmaFunction=classifier47_XLX_SEP_ PragmaOptions=variable=coord complete dim=0_XLX_SEP_ [-Wdump-hls-pragmas]
#pragma HLS array_partition variable=coord complete dim=0
        ^
src_parallel/haar.cpp:2570:9: warning: HLS pragma dump _XLX_SEP_ PragmaIsValid=1_XLX_SEP_ PragmaType=array_partition_XLX_SEP_ PragmaContext=_XLX_SEP_ PragmaFunction=classifier48_XLX_SEP_ PragmaOptions=variable=coord complete dim=0_XLX_SEP_ [-Wdump-hls-pragmas]
#pragma HLS array_partition variable=coord complete dim=0
        ^
src_parallel/haar.cpp:2602:9: warning: HLS pragma dump _XLX_SEP_ PragmaIsValid=1_XLX_SEP_ PragmaType=array_partition_XLX_SEP_ PragmaContext=_XLX_SEP_ PragmaFunction=classifier49_XLX_SEP_ PragmaOptions=variable=coord complete dim=0_XLX_SEP_ [-Wdump-hls-pragmas]
#pragma HLS array_partition variable=coord complete dim=0
        ^
src_parallel/haar.cpp:2634:9: warning: HLS pragma dump _XLX_SEP_ PragmaIsValid=1_XLX_SEP_ PragmaType=array_partition_XLX_SEP_ PragmaContext=_XLX_SEP_ PragmaFunction=classifier50_XLX_SEP_ PragmaOptions=variable=coord complete dim=0_XLX_SEP_ [-Wdump-hls-pragmas]
#pragma HLS array_partition variable=coord complete dim=0
        ^
src_parallel/haar.cpp:2666:9: warning: HLS pragma dump _XLX_SEP_ PragmaIsValid=1_XLX_SEP_ PragmaType=array_partition_XLX_SEP_ PragmaContext=_XLX_SEP_ PragmaFunction=classifier51_XLX_SEP_ PragmaOptions=variable=coord complete dim=0_XLX_SEP_ [-Wdump-hls-pragmas]
#pragma HLS array_partition variable=coord complete dim=0
        ^
/home/aanout/Documents/mestrado/facedetect_fpga_project/hls/run_hls.tcl:36:9: warning: HLS pragma dump _XLX_SEP_ PragmaIsValid=1_XLX_SEP_ PragmaType=top_XLX_SEP_ PragmaContext=directive_XLX_SEP_ PragmaFunction=detectFaces_XLX_SEP_ PragmaOptions=name=detectFaces_XLX_SEP_ [-Wdump-hls-pragmas]
#pragma HLSDIRECTIVE TOP name=detectFaces
        ^
src_parallel/haar.cpp:2862:9: warning: HLS pragma dump _XLX_SEP_ PragmaIsValid=1_XLX_SEP_ PragmaType=inline_XLX_SEP_ PragmaContext=_XLX_SEP_ PragmaFunction=processImage_XLX_SEP_ PragmaOptions=off_XLX_SEP_ [-Wdump-hls-pragmas]
#pragma HLS inline off
        ^
src_parallel/haar.cpp:2872:9: warning: HLS pragma dump _XLX_SEP_ PragmaIsValid=1_XLX_SEP_ PragmaType=array_partition_XLX_SEP_ PragmaContext=_XLX_SEP_ PragmaFunction=processImage_XLX_SEP_ PragmaOptions=variable=L complete dim=1_XLX_SEP_ [-Wdump-hls-pragmas]
#pragma HLS array_partition variable=L complete dim=1
        ^
src_parallel/haar.cpp:2876:9: warning: HLS pragma dump _XLX_SEP_ PragmaIsValid=1_XLX_SEP_ PragmaType=array_partition_XLX_SEP_ PragmaContext=_XLX_SEP_ PragmaFunction=processImage_XLX_SEP_ PragmaOptions=variable=I complete dim=0_XLX_SEP_ [-Wdump-hls-pragmas]
#pragma HLS array_partition variable=I complete dim=0
        ^
src_parallel/haar.cpp:2880:9: warning: HLS pragma dump _XLX_SEP_ PragmaIsValid=1_XLX_SEP_ PragmaType=array_partition_XLX_SEP_ PragmaContext=_XLX_SEP_ PragmaFunction=processImage_XLX_SEP_ PragmaOptions=variable=II complete dim=0_XLX_SEP_ [-Wdump-hls-pragmas]
#pragma HLS array_partition variable=II complete dim=0
        ^
src_parallel/haar.cpp:2884:9: warning: HLS pragma dump _XLX_SEP_ PragmaIsValid=1_XLX_SEP_ PragmaType=array_partition_XLX_SEP_ PragmaContext=_XLX_SEP_ PragmaFunction=processImage_XLX_SEP_ PragmaOptions=variable=SI complete dim=0_XLX_SEP_ [-Wdump-hls-pragmas]
#pragma HLS array_partition variable=SI complete dim=0
        ^
src_parallel/haar.cpp:2888:9: warning: HLS pragma dump _XLX_SEP_ PragmaIsValid=1_XLX_SEP_ PragmaType=array_partition_XLX_SEP_ PragmaContext=_XLX_SEP_ PragmaFunction=processImage_XLX_SEP_ PragmaOptions=variable=SII complete dim=0_XLX_SEP_ [-Wdump-hls-pragmas]
#pragma HLS array_partition variable=SII complete dim=0
        ^
src_parallel/haar.cpp:2893:9: warning: HLS pragma dump _XLX_SEP_ PragmaIsValid=1_XLX_SEP_ PragmaType=unroll_XLX_SEP_ PragmaContext=_XLX_SEP_ PragmaFunction=processImage_XLX_SEP_ PragmaOptions=_XLX_SEP_ [-Wdump-hls-pragmas]
#pragma HLS unroll
        ^
src_parallel/haar.cpp:2896:9: warning: HLS pragma dump _XLX_SEP_ PragmaIsValid=1_XLX_SEP_ PragmaType=unroll_XLX_SEP_ PragmaContext=_XLX_SEP_ PragmaFunction=processImage_XLX_SEP_ PragmaOptions=_XLX_SEP_ [-Wdump-hls-pragmas]
#pragma HLS unroll
        ^
src_parallel/haar.cpp:2909:9: warning: HLS pragma dump _XLX_SEP_ PragmaIsValid=1_XLX_SEP_ PragmaType=unroll_XLX_SEP_ PragmaContext=_XLX_SEP_ PragmaFunction=processImage_XLX_SEP_ PragmaOptions=_XLX_SEP_ [-Wdump-hls-pragmas]
#pragma HLS unroll
        ^
src_parallel/haar.cpp:2912:9: warning: HLS pragma dump _XLX_SEP_ PragmaIsValid=1_XLX_SEP_ PragmaType=unroll_XLX_SEP_ PragmaContext=_XLX_SEP_ PragmaFunction=processImage_XLX_SEP_ PragmaOptions=_XLX_SEP_ [-Wdump-hls-pragmas]
#pragma HLS unroll
        ^
src_parallel/haar.cpp:2921:9: warning: HLS pragma dump _XLX_SEP_ PragmaIsValid=1_XLX_SEP_ PragmaType=unroll_XLX_SEP_ PragmaContext=_XLX_SEP_ PragmaFunction=processImage_XLX_SEP_ PragmaOptions=_XLX_SEP_ [-Wdump-hls-pragmas]
#pragma HLS unroll
        ^
src_parallel/haar.cpp:2940:9: warning: HLS pragma dump _XLX_SEP_ PragmaIsValid=1_XLX_SEP_ PragmaType=unroll_XLX_SEP_ PragmaContext=_XLX_SEP_ PragmaFunction=processImage_XLX_SEP_ PragmaOptions=_XLX_SEP_ [-Wdump-hls-pragmas]
#pragma HLS unroll
        ^
src_parallel/haar.cpp:2942:9: warning: HLS pragma dump _XLX_SEP_ PragmaIsValid=1_XLX_SEP_ PragmaType=unroll_XLX_SEP_ PragmaContext=_XLX_SEP_ PragmaFunction=processImage_XLX_SEP_ PragmaOptions=_XLX_SEP_ [-Wdump-hls-pragmas]
#pragma HLS unroll
        ^
src_parallel/haar.cpp:2955:9: warning: HLS pragma dump _XLX_SEP_ PragmaIsValid=1_XLX_SEP_ PragmaType=unroll_XLX_SEP_ PragmaContext=_XLX_SEP_ PragmaFunction=processImage_XLX_SEP_ PragmaOptions=_XLX_SEP_ [-Wdump-hls-pragmas]
#pragma HLS unroll
        ^
src_parallel/haar.cpp:2957:9: warning: HLS pragma dump _XLX_SEP_ PragmaIsValid=1_XLX_SEP_ PragmaType=unroll_XLX_SEP_ PragmaContext=_XLX_SEP_ PragmaFunction=processImage_XLX_SEP_ PragmaOptions=_XLX_SEP_ [-Wdump-hls-pragmas]
#pragma HLS unroll
        ^
src_parallel/haar.cpp:2970:9: warning: HLS pragma dump _XLX_SEP_ PragmaIsValid=1_XLX_SEP_ PragmaType=unroll_XLX_SEP_ PragmaContext=_XLX_SEP_ PragmaFunction=processImage_XLX_SEP_ PragmaOptions=_XLX_SEP_ [-Wdump-hls-pragmas]
#pragma HLS unroll
        ^
src_parallel/haar.cpp:2979:9: warning: HLS pragma dump _XLX_SEP_ PragmaIsValid=1_XLX_SEP_ PragmaType=unroll_XLX_SEP_ PragmaContext=_XLX_SEP_ PragmaFunction=processImage_XLX_SEP_ PragmaOptions=_XLX_SEP_ [-Wdump-hls-pragmas]
#pragma HLS unroll
        ^
src_parallel/haar.cpp:3029:9: warning: HLS pragma dump _XLX_SEP_ PragmaIsValid=1_XLX_SEP_ PragmaType=inline_XLX_SEP_ PragmaContext=_XLX_SEP_ PragmaFunction=cascadeClassifier_XLX_SEP_ PragmaOptions=_XLX_SEP_ [-Wdump-hls-pragmas]
#pragma HLS INLINE
        ^
src_parallel/haar.cpp:3044:9: warning: HLS pragma dump _XLX_SEP_ PragmaIsValid=1_XLX_SEP_ PragmaType=array_partition_XLX_SEP_ PragmaContext=_XLX_SEP_ PragmaFunction=cascadeClassifier_XLX_SEP_ PragmaOptions=variable=coord complete dim=0_XLX_SEP_ [-Wdump-hls-pragmas]
#pragma HLS array_partition variable=coord complete dim=0
        ^
src_parallel/haar.cpp:3047:9: warning: HLS pragma dump _XLX_SEP_ PragmaIsValid=1_XLX_SEP_ PragmaType=array_partition_XLX_SEP_ PragmaContext=_XLX_SEP_ PragmaFunction=cascadeClassifier_XLX_SEP_ PragmaOptions=variable=s0 complete dim=0_XLX_SEP_ [-Wdump-hls-pragmas]
#pragma HLS array_partition variable=s0 complete dim=0
        ^
src_parallel/haar.cpp:3050:9: warning: HLS pragma dump _XLX_SEP_ PragmaIsValid=1_XLX_SEP_ PragmaType=array_partition_XLX_SEP_ PragmaContext=_XLX_SEP_ PragmaFunction=cascadeClassifier_XLX_SEP_ PragmaOptions=variable=s1 complete dim=0_XLX_SEP_ [-Wdump-hls-pragmas]
#pragma HLS array_partition variable=s1 complete dim=0
        ^
src_parallel/haar.cpp:3053:9: warning: HLS pragma dump _XLX_SEP_ PragmaIsValid=1_XLX_SEP_ PragmaType=array_partition_XLX_SEP_ PragmaContext=_XLX_SEP_ PragmaFunction=cascadeClassifier_XLX_SEP_ PragmaOptions=variable=s2 complete dim=0_XLX_SEP_ [-Wdump-hls-pragmas]
#pragma HLS array_partition variable=s2 complete dim=0
        ^
src_parallel/haar.cpp:3059:9: warning: HLS pragma dump _XLX_SEP_ PragmaIsValid=1_XLX_SEP_ PragmaType=array_partition_XLX_SEP_ PragmaContext=_XLX_SEP_ PragmaFunction=cascadeClassifier_XLX_SEP_ PragmaOptions=variable=values complete dim=0_XLX_SEP_ [-Wdump-hls-pragmas]
#pragma HLS array_partition variable=values complete dim=0
        ^
src_parallel/haar.cpp:3063:9: warning: HLS pragma dump _XLX_SEP_ PragmaIsValid=1_XLX_SEP_ PragmaType=array_partition_XLX_SEP_ PragmaContext=_XLX_SEP_ PragmaFunction=cascadeClassifier_XLX_SEP_ PragmaOptions=variable=addr_list complete dim=0_XLX_SEP_ [-Wdump-hls-pragmas]
#pragma HLS array_partition variable=addr_list complete dim=0
        ^
src_parallel/haar.cpp:3067:9: warning: HLS pragma dump _XLX_SEP_ PragmaIsValid=1_XLX_SEP_ PragmaType=array_partition_XLX_SEP_ PragmaContext=_XLX_SEP_ PragmaFunction=cascadeClassifier_XLX_SEP_ PragmaOptions=variable=enable_list complete dim=0_XLX_SEP_ [-Wdump-hls-pragmas]
#pragma HLS array_partition variable=enable_list complete dim=0
        ^
src_parallel/haar.cpp:3070:9: warning: HLS pragma dump _XLX_SEP_ PragmaIsValid=1_XLX_SEP_ PragmaType=array_partition_XLX_SEP_ PragmaContext=_XLX_SEP_ PragmaFunction=cascadeClassifier_XLX_SEP_ PragmaOptions=variable=_II complete dim=0_XLX_SEP_ [-Wdump-hls-pragmas]
#pragma HLS array_partition variable=_II complete dim=0
        ^
src_parallel/haar.cpp:3073:9: warning: HLS pragma dump _XLX_SEP_ PragmaIsValid=1_XLX_SEP_ PragmaType=unroll_XLX_SEP_ PragmaContext=_XLX_SEP_ PragmaFunction=cascadeClassifier_XLX_SEP_ PragmaOptions=_XLX_SEP_ [-Wdump-hls-pragmas]
#pragma HLS unroll
        ^
src_parallel/haar.cpp:3075:9: warning: HLS pragma dump _XLX_SEP_ PragmaIsValid=1_XLX_SEP_ PragmaType=unroll_XLX_SEP_ PragmaContext=_XLX_SEP_ PragmaFunction=cascadeClassifier_XLX_SEP_ PragmaOptions=_XLX_SEP_ [-Wdump-hls-pragmas]
#pragma HLS unroll
        ^
src_parallel/haar.cpp:3196:9: warning: HLS pragma dump _XLX_SEP_ PragmaIsValid=1_XLX_SEP_ PragmaType=pipeline_XLX_SEP_ PragmaContext=_XLX_SEP_ PragmaFunction=cascadeClassifier_XLX_SEP_ PragmaOptions=_XLX_SEP_ [-Wdump-hls-pragmas]
#pragma HLS pipeline
        ^
src_parallel/haar.cpp:3023:11: warning: unused parameter 'pt' [-Wunused-parameter]
  MyPoint pt,
          ^
src_parallel/haar.cpp:3297:9: warning: HLS pragma dump _XLX_SEP_ PragmaIsValid=1_XLX_SEP_ PragmaType=inline_XLX_SEP_ PragmaContext=_XLX_SEP_ PragmaFunction=weakClassifier_XLX_SEP_ PragmaOptions=_XLX_SEP_ [-Wdump-hls-pragmas]
#pragma HLS INLINE
        ^
src_parallel/haar.cpp:3291:7: warning: unused parameter 'w_id' [-Wunused-parameter]
  int w_id
      ^
src_parallel/haar.cpp:3350:9: warning: HLS pragma dump _XLX_SEP_ PragmaIsValid=1_XLX_SEP_ PragmaType=pipeline_XLX_SEP_ PragmaContext=_XLX_SEP_ PragmaFunction=imageScaler_XLX_SEP_ PragmaOptions=_XLX_SEP_ [-Wdump-hls-pragmas]
#pragma HLS pipeline
        ^
src_parallel/haar.cpp:3368:9: warning: HLS pragma dump _XLX_SEP_ PragmaIsValid=1_XLX_SEP_ PragmaType=unroll_XLX_SEP_ PragmaContext=_XLX_SEP_ PragmaFunction=int_sqrt_XLX_SEP_ PragmaOptions=_XLX_SEP_ [-Wdump-hls-pragmas]
#pragma HLS unroll
        ^
98 warnings generated.
